c:\users\deruru\documents\visual studio 2017\projects\client\gametanknangcao\server - copy\server\debug\vc141.pdb
c:\users\deruru\documents\visual studio 2017\projects\client\gametanknangcao\server - copy\server\debug\vc141.idb
c:\users\deruru\documents\visual studio 2017\projects\client\gametanknangcao\server - copy\server\debug\collision.obj
c:\users\deruru\documents\visual studio 2017\projects\client\gametanknangcao\server - copy\server\debug\debug.obj
c:\users\deruru\documents\visual studio 2017\projects\client\gametanknangcao\server - copy\server\debug\dsutil.obj
c:\users\deruru\documents\visual studio 2017\projects\client\gametanknangcao\server - copy\server\debug\dxgraphics.obj
c:\users\deruru\documents\visual studio 2017\projects\client\gametanknangcao\server - copy\server\debug\dxinput.obj
c:\users\deruru\documents\visual studio 2017\projects\client\gametanknangcao\server - copy\server\debug\dxsound.obj
c:\users\deruru\documents\visual studio 2017\projects\client\gametanknangcao\server - copy\server\debug\dxutil.obj
c:\users\deruru\documents\visual studio 2017\projects\client\gametanknangcao\server - copy\server\debug\map.obj
c:\users\deruru\documents\visual studio 2017\projects\client\gametanknangcao\server - copy\server\debug\object.obj
c:\users\deruru\documents\visual studio 2017\projects\client\gametanknangcao\server - copy\server\debug\servergame.obj
c:\users\deruru\documents\visual studio 2017\projects\client\gametanknangcao\server - copy\server\debug\source.obj
c:\users\deruru\documents\visual studio 2017\projects\client\gametanknangcao\server - copy\server\debug\sprite.obj
c:\users\deruru\documents\visual studio 2017\projects\client\gametanknangcao\server - copy\server\debug\tank.obj
c:\users\deruru\documents\visual studio 2017\projects\client\gametanknangcao\server - copy\server\debug\tiles.obj
c:\users\deruru\documents\visual studio 2017\projects\client\gametanknangcao\server - copy\server\debug\timeclockfunc.obj
c:\users\deruru\documents\visual studio 2017\projects\client\gametanknangcao\server - copy\server\debug\tinystr.obj
c:\users\deruru\documents\visual studio 2017\projects\client\gametanknangcao\server - copy\server\debug\tinyxml.obj
c:\users\deruru\documents\visual studio 2017\projects\client\gametanknangcao\server - copy\server\debug\tinyxmlerror.obj
c:\users\deruru\documents\visual studio 2017\projects\client\gametanknangcao\server - copy\server\debug\tinyxmlparser.obj
c:\users\deruru\documents\visual studio 2017\projects\client\gametanknangcao\server - copy\server\debug\vclock.obj
c:\users\deruru\documents\visual studio 2017\projects\client\gametanknangcao\server - copy\server\debug\bullet.obj
c:\users\deruru\documents\visual studio 2017\projects\client\gametanknangcao\server - copy\server\debug\camera.obj
c:\users\deruru\documents\visual studio 2017\projects\client\gametanknangcao\server - copy\debug\client.ilk
c:\users\deruru\documents\visual studio 2017\projects\client\gametanknangcao\server - copy\debug\client.exe
c:\users\deruru\documents\visual studio 2017\projects\client\gametanknangcao\server - copy\debug\client.pdb
c:\users\deruru\documents\visual studio 2017\projects\client\gametanknangcao\server - copy\server\debug\client.tlog\cl.command.1.tlog
c:\users\deruru\documents\visual studio 2017\projects\client\gametanknangcao\server - copy\server\debug\client.tlog\cl.read.1.tlog
c:\users\deruru\documents\visual studio 2017\projects\client\gametanknangcao\server - copy\server\debug\client.tlog\cl.write.1.tlog
c:\users\deruru\documents\visual studio 2017\projects\client\gametanknangcao\server - copy\server\debug\client.tlog\link.command.1.tlog
c:\users\deruru\documents\visual studio 2017\projects\client\gametanknangcao\server - copy\server\debug\client.tlog\link.read.1.tlog
c:\users\deruru\documents\visual studio 2017\projects\client\gametanknangcao\server - copy\server\debug\client.tlog\link.write.1.tlog
