C:\Program Files (x86)\Microsoft Visual Studio\2019\Community\MSBuild\Microsoft\VC\v160\Microsoft.CppBuild.targets(491,5): warning MSB8028: The intermediate directory (Debug\) contains files shared from another project (Server.vcxproj).  This can lead to incorrect clean and rebuild behavior.
  Tank.cpp
  C:\Program Files (x86)\Microsoft DirectX SDK (June 2010)\Include\dinput.h: DIRECTINPUT_VERSION undefined. Defaulting to version 0x0800
F:\Documents\Visual Studio 2017\Projects\Client\GameTankNangCao\Server - Copy\Server\Tank.h(54,33): warning C4244: 'return': conversion from 'FLOAT' to 'int', possible loss of data
F:\Documents\Visual Studio 2017\Projects\Client\GameTankNangCao\Server - Copy\Server\ServerGame.h(18,39): warning C4244: 'initializing': conversion from 'float' to 'unsigned int', possible loss of data
F:\Documents\Visual Studio 2017\Projects\Client\GameTankNangCao\Server - Copy\Server\Tank.cpp(28,18): warning C4244: '=': conversion from 'int' to 'float', possible loss of data
F:\Documents\Visual Studio 2017\Projects\Client\GameTankNangCao\Server - Copy\Server\Tank.cpp(29,19): warning C4244: '=': conversion from 'int' to 'float', possible loss of data
F:\Documents\Visual Studio 2017\Projects\Client\GameTankNangCao\Server - Copy\Server\Tank.cpp(34,37): warning C4244: '=': conversion from 'FLOAT' to 'int', possible loss of data
F:\Documents\Visual Studio 2017\Projects\Client\GameTankNangCao\Server - Copy\Server\Tank.cpp(35,37): warning C4244: '=': conversion from 'FLOAT' to 'int', possible loss of data
F:\Documents\Visual Studio 2017\Projects\Client\GameTankNangCao\Server - Copy\Server\Tank.cpp(226,79): warning C4244: 'argument': conversion from 'FLOAT' to 'int', possible loss of data
F:\Documents\Visual Studio 2017\Projects\Client\GameTankNangCao\Server - Copy\Server\Tank.cpp(226,52): warning C4244: 'argument': conversion from 'FLOAT' to 'int', possible loss of data
F:\Documents\Visual Studio 2017\Projects\Client\GameTankNangCao\Server - Copy\Server\Tank.cpp(232,33): warning C4244: '=': conversion from 'int' to 'FLOAT', possible loss of data
F:\Documents\Visual Studio 2017\Projects\Client\GameTankNangCao\Server - Copy\Server\Tank.cpp(233,33): warning C4244: '=': conversion from 'int' to 'FLOAT', possible loss of data
F:\Documents\Visual Studio 2017\Projects\Client\GameTankNangCao\Server - Copy\Server\Tank.cpp(241,10): warning C4101: 'player_y': unreferenced local variable
F:\Documents\Visual Studio 2017\Projects\Client\GameTankNangCao\Server - Copy\Server\Tank.cpp(240,10): warning C4101: 'player_x': unreferenced local variable
F:\Documents\Visual Studio 2017\Projects\Client\GameTankNangCao\Server - Copy\Server\Tank.cpp(391,31): warning C4244: '=': conversion from 'int' to 'FLOAT', possible loss of data
F:\Documents\Visual Studio 2017\Projects\Client\GameTankNangCao\Server - Copy\Server\Tank.cpp(392,31): warning C4244: '=': conversion from 'int' to 'FLOAT', possible loss of data
F:\Documents\Visual Studio 2017\Projects\Client\GameTankNangCao\Server - Copy\Server\Tank.cpp(420,37): warning C4244: '=': conversion from 'FLOAT' to 'int', possible loss of data
F:\Documents\Visual Studio 2017\Projects\Client\GameTankNangCao\Server - Copy\Server\Tank.cpp(421,37): warning C4244: '=': conversion from 'FLOAT' to 'int', possible loss of data
F:\Documents\Visual Studio 2017\Projects\Client\GameTankNangCao\Server - Copy\Server\Tank.cpp(272): warning C4715: 'Tank::SendPack': not all control paths return a value
  Server.vcxproj -> F:\Documents\Visual Studio 2017\Projects\Client\GameTankNangCao\Server - Copy\Debug\Client.exe
