c:\users\deruru\documents\visual studio 2017\projects\client\gametanknangcao\server\server\debug\vc141.pdb
c:\users\deruru\documents\visual studio 2017\projects\client\gametanknangcao\server\server\debug\vc141.idb
c:\users\deruru\documents\visual studio 2017\projects\client\gametanknangcao\server\server\debug\camera.obj
c:\users\deruru\documents\visual studio 2017\projects\client\gametanknangcao\server\server\debug\collision.obj
c:\users\deruru\documents\visual studio 2017\projects\client\gametanknangcao\server\server\debug\debug.obj
c:\users\deruru\documents\visual studio 2017\projects\client\gametanknangcao\server\server\debug\dsutil.obj
c:\users\deruru\documents\visual studio 2017\projects\client\gametanknangcao\server\server\debug\dxgraphics.obj
c:\users\deruru\documents\visual studio 2017\projects\client\gametanknangcao\server\server\debug\dxinput.obj
c:\users\deruru\documents\visual studio 2017\projects\client\gametanknangcao\server\server\debug\dxsound.obj
c:\users\deruru\documents\visual studio 2017\projects\client\gametanknangcao\server\server\debug\dxutil.obj
c:\users\deruru\documents\visual studio 2017\projects\client\gametanknangcao\server\server\debug\map.obj
c:\users\deruru\documents\visual studio 2017\projects\client\gametanknangcao\server\server\debug\servergame.obj
c:\users\deruru\documents\visual studio 2017\projects\client\gametanknangcao\server\server\debug\source.obj
c:\users\deruru\documents\visual studio 2017\projects\client\gametanknangcao\server\server\debug\sprite.obj
c:\users\deruru\documents\visual studio 2017\projects\client\gametanknangcao\server\server\debug\tank.obj
c:\users\deruru\documents\visual studio 2017\projects\client\gametanknangcao\server\server\debug\tiles.obj
c:\users\deruru\documents\visual studio 2017\projects\client\gametanknangcao\server\server\debug\timeclockfunc.obj
c:\users\deruru\documents\visual studio 2017\projects\client\gametanknangcao\server\server\debug\tinystr.obj
c:\users\deruru\documents\visual studio 2017\projects\client\gametanknangcao\server\server\debug\tinyxml.obj
c:\users\deruru\documents\visual studio 2017\projects\client\gametanknangcao\server\server\debug\tinyxmlerror.obj
c:\users\deruru\documents\visual studio 2017\projects\client\gametanknangcao\server\server\debug\tinyxmlparser.obj
c:\users\deruru\documents\visual studio 2017\projects\client\gametanknangcao\server\server\debug\vclock.obj
c:\users\deruru\documents\visual studio 2017\projects\client\gametanknangcao\server\server\debug\bullet.obj
f:\documents\visual studio 2017\projects\client\gametanknangcao\server\server\debug\vc142.pdb
f:\documents\visual studio 2017\projects\client\gametanknangcao\server\server\debug\vc142.idb
f:\documents\visual studio 2017\projects\client\gametanknangcao\server\server\debug\tinyxmlparser.obj
f:\documents\visual studio 2017\projects\client\gametanknangcao\server\server\debug\tinyxmlerror.obj
f:\documents\visual studio 2017\projects\client\gametanknangcao\server\server\debug\tinyxml.obj
f:\documents\visual studio 2017\projects\client\gametanknangcao\server\server\debug\tinystr.obj
f:\documents\visual studio 2017\projects\client\gametanknangcao\server\server\debug\timeclockfunc.obj
f:\documents\visual studio 2017\projects\client\gametanknangcao\server\server\debug\dxutil.obj
f:\documents\visual studio 2017\projects\client\gametanknangcao\server\server\debug\dxsound.obj
f:\documents\visual studio 2017\projects\client\gametanknangcao\server\server\debug\dxinput.obj
f:\documents\visual studio 2017\projects\client\gametanknangcao\server\server\debug\dsutil.obj
f:\documents\visual studio 2017\projects\client\gametanknangcao\server\server\debug\debug.obj
f:\documents\visual studio 2017\projects\client\gametanknangcao\server\server\debug\vclock.obj
f:\documents\visual studio 2017\projects\client\gametanknangcao\server\server\debug\bullet.obj
f:\documents\visual studio 2017\projects\client\gametanknangcao\server\server\debug\dxgraphics.obj
f:\documents\visual studio 2017\projects\client\gametanknangcao\server\server\debug\map.obj
f:\documents\visual studio 2017\projects\client\gametanknangcao\server\server\debug\servergame.obj
c:\users\deruru\documents\visual studio 2017\projects\client\gametanknangcao\server\debug\server.ilk
c:\users\deruru\documents\visual studio 2017\projects\client\gametanknangcao\server\debug\server.exe
c:\users\deruru\documents\visual studio 2017\projects\client\gametanknangcao\server\debug\server.pdb
f:\documents\visual studio 2017\projects\client\gametanknangcao\server\server\debug\camera.obj
f:\documents\visual studio 2017\projects\client\gametanknangcao\server\server\debug\collision.obj
f:\documents\visual studio 2017\projects\client\gametanknangcao\server\server\debug\source.obj
f:\documents\visual studio 2017\projects\client\gametanknangcao\server\server\debug\sprite.obj
f:\documents\visual studio 2017\projects\client\gametanknangcao\server\server\debug\tank.obj
f:\documents\visual studio 2017\projects\client\gametanknangcao\server\server\debug\tiles.obj
f:\documents\visual studio 2017\projects\client\gametanknangcao\server\server\debug\vc141.idb
f:\documents\visual studio 2017\projects\client\gametanknangcao\server\server\debug\vc141.pdb
f:\documents\visual studio 2017\projects\client\gametanknangcao\server\debug\server.pdb
f:\documents\visual studio 2017\projects\client\gametanknangcao\server\debug\server.exe
f:\documents\visual studio 2017\projects\client\gametanknangcao\server\debug\server.ilk
f:\documents\visual studio 2017\projects\client\gametanknangcao\server\server\debug\server.tlog\cl.command.1.tlog
f:\documents\visual studio 2017\projects\client\gametanknangcao\server\server\debug\server.tlog\cl.read.1.tlog
f:\documents\visual studio 2017\projects\client\gametanknangcao\server\server\debug\server.tlog\cl.write.1.tlog
f:\documents\visual studio 2017\projects\client\gametanknangcao\server\server\debug\server.tlog\link.command.1.tlog
f:\documents\visual studio 2017\projects\client\gametanknangcao\server\server\debug\server.tlog\link.read.1.tlog
f:\documents\visual studio 2017\projects\client\gametanknangcao\server\server\debug\server.tlog\link.write.1.tlog
